09.03.2021 09:37:00.000 rabbit-toDataProvider_request_param_foris-43_132551 Foris getBalances REQUEST URL=get.balance.ru MSISDN=79151868647 
09.03.2021 09:37:00.000 rabbit-toDataProvider_request_param_foris_ug-6_132562 Foris getBalances INFO URL=get.balance.ru MSISDN=79119992233 TIME=196
09.03.2021 09:37:00.011 rabbit-toDataProvider_request_param_foris_msk-2_132717 Foris getBalances REQUEST URL=get.balance.ru MSISDN=79885546677 
09.03.2021 09:37:00.015 rabbit-toDataProvider_request_param_foris_sib-19_132614 Foris getBalances REQUEST URL=get.balance.ru MSISDN=79151868647 
09.03.2021 09:37:00.033 rabbit-toDataProvider_request_param_foris_nnov-13_132745 Foris getBalances ERROR URL=get.balance.ru MSISDN=79885546677 
09.03.2021 09:37:00.040 rabbit-toDataProvider_request_param_foris_nnov-0_132604 Foris getBalances REQUEST URL=get.balance.ru MSISDN=79885546677 
09.03.2021 09:37:00.052 rabbit-toDataProvider_request_param_foris_nnov-4_132747 Foris getBalances REQUEST URL=get.balance.ru MSISDN=79144396749 
09.03.2021 09:37:00.057 rabbit-toDataProvider_request_param_foris_nw-12_131759 Foris getBalances ERROR URL=get.balance.ru MSISDN=79885546677 
09.03.2021 09:37:00.077 rabbit-toDataProvider_request_param_foris_sib-16_132718 Foris getBalances REQUEST URL=get.balance.ru MSISDN=79151868647 
09.03.2021 09:37:00.088 rabbit-toDataProvider_request_param_foris_msk-5_132720 Foris getBalances INFO URL=get.balance.ru MSISDN=79119992233 TIME=276
09.03.2021 09:37:00.111 rabbit-toDataProvider_request_param_foris-44_132569 Foris getBalances REQUEST URL=get.balance.ru MSISDN=79144396749 
09.03.2021 09:37:00.115 rabbit-toDataProvider_request_param_foris_msk-0_132601 Foris getBalances INFO URL=get.balance.ru MSISDN=79119992233 TIME=302
09.03.2021 09:37:00.122 rabbit-toDataProvider_request_param_foris_msk-16_132743 Foris getBalances INFO URL=get.balance.ru MSISDN=79119992233 TIME=291
09.03.2021 09:37:00.153 rabbit-toDataProvider_request_param_foris_nnov-11_132713 Foris getBalances INFO URL=get.balance.ru MSISDN=79119992233 TIME=388
09.03.2021 09:37:00.155 rabbit-toDataProvider_request_param_foris_nnov-1_132637 Foris getBalances INFO URL=get.balance.ru MSISDN=79119992233 TIME=261
09.03.2021 09:37:00.171 rabbit-toDataProvider_request_param_foris_msk-13_132238 Foris getBalances REQUEST URL=get.balance.ru MSISDN=79885546677 
09.03.2021 09:37:00.176 rabbit-toDataProvider_request_param_foris_sib-12_132226 Foris getBalances REQUEST URL=get.balance.ru MSISDN=79885546677 
09.03.2021 09:37:00.189 rabbit-toDataProvider_request_param_foris_msk-14_132659 Foris getBalances REQUEST URL=get.balance.ru MSISDN=79885546677 
09.03.2021 09:37:00.191 rabbit-toDataProvider_request_param_foris_nnov-15_132176 Foris getBalances INFO URL=get.balance.ru MSISDN=79119992233 TIME=279
09.03.2021 09:37:00.192 rabbit-toDataProvider_request_param_foris_msk-9_131745 Foris getBalances REQUEST URL=get.balance.ru MSISDN=79885546677 
09.03.2021 09:37:00.195 rabbit-toDataProvider_request_param_foris_nw-4_132679 Foris getBalances REQUEST URL=get.balance.ru MSISDN=79885546677 
09.03.2021 09:37:00.202 rabbit-toDataProvider_request_param_foris_msk-19_132631 Foris getBalances REQUEST URL=get.balance.ru MSISDN=79885546677 
09.03.2021 09:37:00.208 rabbit-toDataProvider_request_param_foris_nnov-19_132705 Foris getBalances INFO URL=get.balance.ru MSISDN=79119992233 TIME=371
09.03.2021 09:37:00.215 rabbit-toDataProvider_request_param_foris_nnov-12_132721 Foris getBalances ERROR URL=get.balance.ru MSISDN=79885546677 
09.03.2021 09:37:00.228 rabbit-toDataProvider_request_param_foris_ug-15_132692 Foris getBalances REQUEST URL=get.balance.ru MSISDN=79144396749 
09.03.2021 09:37:00.241 rabbit-toDataProvider_request_param_foris_nnov-11_132222 Foris getBalances ERROR URL=get.balance.ru MSISDN=79144396749 
09.03.2021 09:37:00.246 rabbit-toDataProvider_request_param_foris_nnov-8_132637 Foris getBalances REQUEST URL=get.balance.ru MSISDN=79151868647 
09.03.2021 09:37:00.263 rabbit-toDataProvider_request_param_foris_sib-1_131827 Foris getBalances REQUEST URL=get.balance.ru MSISDN=79144396749 
09.03.2021 09:37:00.271 rabbit-toDataProvider_request_param_foris_msk-3_132437 Foris getBalances INFO URL=get.balance.ru MSISDN=79119992233 TIME=306
09.03.2021 09:37:00.273 rabbit-toDataProvider_request_param_foris_ug-12_132437 Foris getBalances REQUEST URL=get.balance.ru MSISDN=79885546677 
09.03.2021 09:37:00.286 rabbit-toDataProvider_request_param_foris_nnov-9_132618 Foris getBalances INFO URL=get.balance.ru MSISDN=79119992233 TIME=352
09.03.2021 09:37:00.288 rabbit-toDataProvider_request_param_foris_nnov-9_132739 Foris getBalances REQUEST URL=get.balance.ru MSISDN=79885546677 
09.03.2021 09:37:00.302 rabbit-toDataProvider_request_param_foris_nnov-4_132747 Foris getBalances INFO URL=get.balance.ru MSISDN=79119992233 TIME=250
09.03.2021 09:37:00.305 rabbit-toDataProvider_request_param_foris_nnov-4_132747 Foris getBalances REQUEST URL=get.balance.ru MSISDN=79885546677 
09.03.2021 09:37:00.323 rabbit-toDataProvider_request_param_foris_nnov-13_132745 Foris getBalances INFO URL=get.balance.ru MSISDN=79119992233 TIME=290
09.03.2021 09:37:00.328 rabbit-toDataProvider_request_param_foris_nnov-0_132604 Foris getBalances INFO URL=get.balance.ru MSISDN=79119992233 TIME=288
09.03.2021 09:37:00.330 rabbit-toDataProvider_request_param_foris_nnov-0_132604 Foris getBalances REQUEST URL=get.balance.ru MSISDN=79885546677 
09.03.2021 09:37:00.346 rabbit-toDataProvider_request_param_foris_msk-1_132420 Foris getBalances REQUEST URL=get.balance.ru MSISDN=79885546677 
09.03.2021 09:37:00.349 rabbit-toDataProvider_request_param_foris-44_132569 Foris getBalances INFO URL=get.balance.ru MSISDN=79119992233 TIME=238
09.03.2021 09:37:00.361 rabbit-toDataProvider_request_param_foris-43_132551 Foris getBalances INFO URL=get.balance.ru MSISDN=79119992233 TIME=361
09.03.2021 09:37:00.361 rabbit-toDataProvider_request_param_foris_sib-19_132614 Foris getBalances INFO URL=get.balance.ru MSISDN=79119992233 TIME=346
09.03.2021 09:37:00.367 rabbit-toDataProvider_request_param_foris_msk-10_132614 Foris getBalances INFO URL=get.balance.ru MSISDN=79144396749 
09.03.2021 09:37:00.369 rabbit-toDataProvider_request_param_foris_nw-6_132666 Foris getBalances REQUEST URL=get.balance.ru MSISDN=79151868647 
09.03.2021 09:37:00.375 rabbit-toDataProvider_request_param_foris_sib-16_132718 Foris getBalances INFO URL=get.balance.ru MSISDN=79119992233 TIME=298
09.03.2021 09:37:00.378 rabbit-toDataProvider_request_param_foris_sib-16_132718 Foris getBalances REQUEST URL=get.balance.ru MSISDN=79139134331 
09.03.2021 09:37:00.406 rabbit-toDataProvider_request_param_foris_msk-0_132741 Foris getBalances REQUEST URL=get.balance.ru MSISDN=79885546677 
09.03.2021 09:37:00.414 rabbit-toDataProvider_request_param_foris_nw-12_131759 Foris getBalances INFO URL=get.balance.ru MSISDN=79119992233 TIME=357
09.03.2021 09:37:00.415 rabbit-toDataProvider_request_param_foris_ug-15_132692 Foris getBalances INFO URL=get.balance.ru MSISDN=79119992233 TIME=187
09.03.2021 09:37:00.418 rabbit-toDataProvider_request_param_foris_nw-3_132712 Foris getBalances INFO URL=get.balance.ru MSISDN=79885546677 
09.03.2021 09:37:00.419 rabbit-toDataProvider_request_param_foris_ug-8_132743 Foris getBalances REQUEST URL=get.balance.ru MSISDN=79897460087 
09.03.2021 09:37:00.427 rabbit-toDataProvider_request_param_foris_msk-19_132631 Foris getBalances INFO URL=get.balance.ru MSISDN=79119992233 TIME=224
09.03.2021 09:37:00.431 rabbit-toDataProvider_request_param_foris_nnov-11_132222 Foris getBalances INFO URL=get.balance.ru MSISDN=79119992233 TIME=190
09.03.2021 09:37:00.433 rabbit-toDataProvider_request_param_foris_nnov-10_131159 Foris getBalances REQUEST URL=get.balance.ru MSISDN=79151868647 
09.03.2021 09:37:00.433 rabbit-toDataProvider_request_param_foris_ug-17_132452 Foris getBalances INFO URL=get.balance.ru MSISDN=79886012677 
09.03.2021 09:37:00.436 rabbit-toDataProvider_request_param_foris_sib-6_132631 Foris getBalances REQUEST URL=get.balance.ru MSISDN=79144396749 
09.03.2021 09:37:00.450 rabbit-toDataProvider_request_param_foris_msk-14_132659 Foris getBalances INFO URL=get.balance.ru MSISDN=79119992233 TIME=261
09.03.2021 09:37:00.470 rabbit-toDataProvider_request_param_foris_nnov-12_132721 Foris getBalances INFO URL=get.balance.ru MSISDN=79119992233 TIME=255
09.03.2021 09:37:00.471 rabbit-toDataProvider_request_param_foris_sib-10_132732 Foris getBalances REQUEST URL=get.balance.ru MSISDN=79885546677 
09.03.2021 09:37:00.478 rabbit-toDataProvider_request_param_foris_nnov-9_132739 Foris getBalances INFO URL=get.balance.ru MSISDN=79119992233 TIME=190
09.03.2021 09:37:00.480 rabbit-toDataProvider_request_param_foris_msk-13_132238 Foris getBalances INFO URL=get.balance.ru MSISDN=79119992233 TIME=309
09.03.2021 09:37:00.487 rabbit-toDataProvider_request_param_foris_msk-15_132465 Foris getBalances REQUEST URL=get.balance.ru MSISDN=79151868647 
09.03.2021 09:37:00.492 rabbit-toDataProvider_request_param_foris_ug-1_132355 Foris getBalances REQUEST URL=get.balance.ru MSISDN=79885546677 
09.03.2021 09:37:00.493 rabbit-toDataProvider_request_param_foris_ug-7_132715 Foris getBalances ERROR URL=get.balance.ru MSISDN=79885546677 
09.03.2021 09:37:00.494 rabbit-toDataProvider_request_param_foris_ug-3_132543 Foris getBalances REQUEST URL=get.balance.ru MSISDN=79886012677 
09.03.2021 09:37:00.505 rabbit-toDataProvider_request_param_foris_ug-11_132659 Foris getBalances REQUEST URL=get.balance.ru MSISDN=79887518607 
09.03.2021 09:37:00.509 rabbit-toDataProvider_request_param_foris_ug-12_132437 Foris getBalances INFO URL=get.balance.ru MSISDN=79119992233 TIME=236
09.03.2021 09:37:00.510 rabbit-toDataProvider_request_param_foris_nw-4_132679 Foris getBalances INFO URL=get.balance.ru MSISDN=79119992233 TIME=315
09.03.2021 09:37:00.519 rabbit-toDataProvider_request_param_foris_nnov-11_132118 Foris getBalances REQUEST URL=get.balance.ru MSISDN=79151868647 
09.03.2021 09:37:00.529 rabbit-toDataProvider_request_param_foris_nnov-2_132547 Foris getBalances ERROR URL=get.balance.ru MSISDN=79885546677 
09.03.2021 09:37:00.534 rabbit-toDataProvider_request_param_foris_msk-12_132716 Foris getBalances REQUEST URL=get.balance.ru MSISDN=79151868647 
09.03.2021 09:37:00.544 rabbit-toDataProvider_request_param_foris_nnov-19_132705 Foris getBalances REQUEST URL=get.balance.ru MSISDN=79151868647 
09.03.2021 09:37:00.547 rabbit-toDataProvider_request_param_foris_msk-9_131745 Foris getBalances INFO URL=get.balance.ru MSISDN=79119992233 TIME=355
09.03.2021 09:37:00.551 rabbit-toDataProvider_request_param_foris_sib-13_131745 Foris getBalances REQUEST URL=get.balance.ru MSISDN=79151868647 
09.03.2021 09:37:00.557 rabbit-toDataProvider_request_param_foris_ug-4_132589 Foris getBalances REQUEST URL=get.balance.ru MSISDN=79151868647 
09.03.2021 09:37:00.559 rabbit-toDataProvider_request_param_foris_msk-2_132717 Foris getBalances INFO URL=get.balance.ru MSISDN=79119992233 TIME=548
09.03.2021 09:37:00.566 rabbit-toDataProvider_request_param_foris_sib-12_132226 Foris getBalances INFO URL=get.balance.ru MSISDN=79119992233 TIME=390
09.03.2021 09:37:00.577 rabbit-toDataProvider_request_param_foris_nnov-8_132637 Foris getBalances INFO URL=get.balance.ru MSISDN=79119992233 TIME=331
09.03.2021 09:37:00.583 rabbit-toDataProvider_request_param_foris_ug-10_132450 Foris getBalances REQUEST URL=get.balance.ru MSISDN=79886708100 
09.03.2021 09:37:00.583 rabbit-toDataProvider_request_param_foris-45_132698 Foris getBalances REQUEST URL=get.balance.ru MSISDN=79135204697 
09.03.2021 09:37:00.587 rabbit-toDataProvider_request_param_foris_sib-11_132594 Foris getBalances REQUEST URL=get.balance.ru MSISDN=79151868647 
09.03.2021 09:37:00.596 rabbit-toDataProvider_request_param_foris_msk-10_132614 Foris getBalances INFO URL=get.balance.ru MSISDN=79119992233 TIME=229
09.03.2021 09:37:00.607 rabbit-toDataProvider_request_param_foris_nnov-4_132747 Foris getBalances INFO URL=get.balance.ru MSISDN=79119992233 TIME=302
09.03.2021 09:37:00.609 rabbit-toDataProvider_request_param_foris_msk-11_132408 Foris getBalances ERROR URL=get.balance.ru MSISDN=79897090706 
09.03.2021 09:37:00.609 rabbit-toDataProvider_request_param_foris_nnov-4_132747 Foris getBalances REQUEST URL=get.balance.ru MSISDN=79897090706 
09.03.2021 09:37:00.611 rabbit-toDataProvider_request_param_foris_ug-8_132743 Foris getBalances INFO URL=get.balance.ru MSISDN=79119992233 TIME=192
09.03.2021 09:37:00.616 rabbit-toDataProvider_request_param_foris_nnov-0_132604 Foris getBalances INFO URL=get.balance.ru MSISDN=79119992233 TIME=286
09.03.2021 09:37:00.618 rabbit-toDataProvider_request_param_foris_nnov-0_132604 Foris getBalances REQUEST URL=get.balance.ru MSISDN=79124216152 
09.03.2021 09:37:00.624 rabbit-toDataProvider_request_param_foris_nnov-18_131724 Foris getBalances REQUEST URL=get.balance.ru MSISDN=79872862666 
09.03.2021 09:37:00.626 rabbit-toDataProvider_request_param_foris_nnov-12_132222 Foris getBalances REQUEST URL=get.balance.ru MSISDN=79874061821 
09.03.2021 09:37:00.627 rabbit-toDataProvider_request_param_foris_msk-1_132420 Foris getBalances INFO URL=get.balance.ru MSISDN=79119992233 TIME=281
09.03.2021 09:37:00.637 rabbit-toDataProvider_request_param_foris_nw-6_132666 Foris getBalances INFO URL=get.balance.ru MSISDN=79119992233 TIME=268
09.03.2021 09:37:00.653 rabbit-toDataProvider_request_param_foris_nnov-10_131159 Foris getBalances INFO URL=get.balance.ru MSISDN=79119992233 TIME=220
09.03.2021 09:37:00.654 rabbit-toDataProvider_request_param_foris_nw-3_132712 Foris getBalances INFO URL=get.balance.ru MSISDN=79119992233 TIME=236
09.03.2021 09:37:00.654 rabbit-toDataProvider_request_param_foris_nw-11_132630 Foris getBalances REQUEST URL=get.balance.ru MSISDN=79897090799 
09.03.2021 09:37:00.664 rabbit-toDataProvider_request_param_foris_msk-13_132679 Foris getBalances REQUEST URL=get.balance.ru MSISDN=79158001097 
09.03.2021 09:37:00.666 rabbit-toDataProvider_request_param_foris_msk-14_131159 Foris getBalances REQUEST URL=get.balance.ru MSISDN=79158001097 
09.03.2021 09:37:00.670 rabbit-toDataProvider_request_param_foris_nw-14_132565 Foris getBalances REQUEST URL=get.balance.ru MSISDN=79818300341 
09.03.2021 09:37:00.671 rabbit-toDataProvider_request_param_foris_sib-1_131827 Foris getBalances INFO URL=get.balance.ru MSISDN=79119992233 TIME=408
09.03.2021 09:37:00.676 rabbit-toDataProvider_request_param_foris_ug-17_132452 Foris getBalances INFO URL=get.balance.ru MSISDN=79119992233 TIME=243
09.03.2021 09:37:00.678 rabbit-toDataProvider_request_param_foris_sib-14_132285 Foris getBalances REQUEST URL=get.balance.ru MSISDN=79818300341 